[    0.000000] Linux version 4.15.0-167-generic (buildd@lcy02-amd64-045) (gcc version 7.5.0 (Ubuntu 7.5.0-3ubuntu1~18.04)) #175-Ubuntu SMP Wed Jan 5 01:56:07 UTC 2022 (Ubuntu 4.15.0-167.175-generic 4.15.18)
[    0.000000] Command line: BOOT_IMAGE=/boot/vmlinuz-4.15.0-167-generic root=LABEL=cloudimg-rootfs ro console=tty1 console=ttyS0
[    0.000000] KERNEL supported cpus:
[    0.000000]   Intel GenuineIntel
[    0.000000]   AMD AuthenticAMD
[    0.000000]   Centaur CentaurHauls
[    0.000000] [Firmware Bug]: TSC doesn't count with P0 frequency!
[    0.000000] x86/fpu: x87 FPU will use FXSAVE
[    0.000000] e820: BIOS-provided physical RAM map:
[    0.000000] BIOS-e820: [mem 0x0000000000000000-0x000000000009fbff] usable
[    0.000000] BIOS-e820: [mem 0x000000000009fc00-0x000000000009ffff] reserved
[    0.000000] BIOS-e820: [mem 0x00000000000f0000-0x00000000000fffff] reserved
[    0.000000] BIOS-e820: [mem 0x0000000000100000-0x000000003ffeffff] usable
[    0.000000] BIOS-e820: [mem 0x000000003fff0000-0x000000003fffffff] ACPI data
[    0.000000] BIOS-e820: [mem 0x00000000fec00000-0x00000000fec00fff] reserved
[    0.000000] BIOS-e820: [mem 0x00000000fee00000-0x00000000fee00fff] reserved
[    0.000000] BIOS-e820: [mem 0x00000000fffc0000-0x00000000ffffffff] reserved
[    0.000000] NX (Execute Disable) protection: active
[    0.000000] SMBIOS 2.5 present.
[    0.000000] DMI: innotek GmbH VirtualBox/VirtualBox, BIOS VirtualBox 12/01/2006
[    0.000000] Hypervisor detected: KVM
[    0.000000] e820: last_pfn = 0x3fff0 max_arch_pfn = 0x400000000
[    0.000000] MTRR: Disabled
[    0.000000] x86/PAT: MTRRs disabled, skipping PAT initialization too.
[    0.000000] CPU MTRRs all blank - virtualized system.
[    0.000000] x86/PAT: Configuration [0-7]: WB  WT  UC- UC  WB  WT  UC- UC  
[    0.000000] found SMP MP-table at [mem 0x0009fff0-0x0009ffff]
[    0.000000] Scanning 1 areas for low memory corruption
[    0.000000] RAMDISK: [mem 0x359cd000-0x36cddfff]
[    0.000000] ACPI: Early table checksum verification disabled
[    0.000000] ACPI: RSDP 0x00000000000E0000 000024 (v02 VBOX  )
[    0.000000] ACPI: XSDT 0x000000003FFF0030 00003C (v01 VBOX   VBOXXSDT 00000001 ASL  00000061)
[    0.000000] ACPI: FACP 0x000000003FFF00F0 0000F4 (v04 VBOX   VBOXFACP 00000001 ASL  00000061)
[    0.000000] ACPI: DSDT 0x000000003FFF0470 002325 (v02 VBOX   VBOXBIOS 00000002 INTL 20190509)
[    0.000000] ACPI: FACS 0x000000003FFF0200 000040
[    0.000000] ACPI: FACS 0x000000003FFF0200 000040
[    0.000000] ACPI: APIC 0x000000003FFF0240 00005C (v02 VBOX   VBOXAPIC 00000001 ASL  00000061)
[    0.000000] ACPI: SSDT 0x000000003FFF02A0 0001CC (v01 VBOX   VBOXCPUT 00000002 INTL 20190509)
[    0.000000] ACPI: Reserving FACP table memory at [mem 0x3fff00f0-0x3fff01e3]
[    0.000000] ACPI: Reserving DSDT table memory at [mem 0x3fff0470-0x3fff2794]
[    0.000000] ACPI: Reserving FACS table memory at [mem 0x3fff0200-0x3fff023f]
[    0.000000] ACPI: Reserving FACS table memory at [mem 0x3fff0200-0x3fff023f]
[    0.000000] ACPI: Reserving APIC table memory at [mem 0x3fff0240-0x3fff029b]
[    0.000000] ACPI: Reserving SSDT table memory at [mem 0x3fff02a0-0x3fff046b]
[    0.000000] No NUMA configuration found
[    0.000000] Faking a node at [mem 0x0000000000000000-0x000000003ffeffff]
[    0.000000] NODE_DATA(0) allocated [mem 0x3ffc5000-0x3ffeffff]
[    0.000000] kvm-clock: cpu 0, msr 0:3ff44001, primary cpu clock
[    0.000000] kvm-clock: Using msrs 4b564d01 and 4b564d00
[    0.000000] kvm-clock: using sched offset of 4584040063 cycles
[    0.000000] clocksource: kvm-clock: mask: 0xffffffffffffffff max_cycles: 0x1cd42e4dffb, max_idle_ns: 881590591483 ns
[    0.000000] Zone ranges:
[    0.000000]   DMA      [mem 0x0000000000001000-0x0000000000ffffff]
[    0.000000]   DMA32    [mem 0x0000000001000000-0x000000003ffeffff]
[    0.000000]   Normal   empty
[    0.000000]   Device   empty
[    0.000000] Movable zone start for each node
[    0.000000] Early memory node ranges
[    0.000000]   node   0: [mem 0x0000000000001000-0x000000000009efff]
[    0.000000]   node   0: [mem 0x0000000000100000-0x000000003ffeffff]
[    0.000000] Reserved but unavailable: 104 pages
[    0.000000] Initmem setup node 0 [mem 0x0000000000001000-0x000000003ffeffff]
[    0.000000] ACPI: PM-Timer IO Port: 0x4008
[    0.000000] IOAPIC[0]: apic_id 2, version 32, address 0xfec00000, GSI 0-23
[    0.000000] ACPI: INT_SRC_OVR (bus 0 bus_irq 0 global_irq 2 dfl dfl)
[    0.000000] ACPI: INT_SRC_OVR (bus 0 bus_irq 9 global_irq 9 low level)
[    0.000000] Using ACPI (MADT) for SMP configuration information
[    0.000000] smpboot: Allowing 2 CPUs, 0 hotplug CPUs
[    0.000000] PM: Registered nosave memory: [mem 0x00000000-0x00000fff]
[    0.000000] PM: Registered nosave memory: [mem 0x0009f000-0x0009ffff]
[    0.000000] PM: Registered nosave memory: [mem 0x000a0000-0x000effff]
[    0.000000] PM: Registered nosave memory: [mem 0x000f0000-0x000fffff]
[    0.000000] e820: [mem 0x40000000-0xfebfffff] available for PCI devices
[    0.000000] Booting paravirtualized kernel on KVM
[    0.000000] clocksource: refined-jiffies: mask: 0xffffffff max_cycles: 0xffffffff, max_idle_ns: 7645519600211568 ns
[    0.000000] random: get_random_bytes called from start_kernel+0x99/0x500 with crng_init=0
[    0.000000] setup_percpu: NR_CPUS:8192 nr_cpumask_bits:2 nr_cpu_ids:2 nr_node_ids:1
[    0.000000] percpu: Embedded 50 pages/cpu s167936 r8192 d28672 u1048576
[    0.000000] PV qspinlock hash table entries: 256 (order: 0, 4096 bytes)
[    0.000000] Built 1 zonelists, mobility grouping on.  Total pages: 257913
[    0.000000] Policy zone: DMA32
[    0.000000] Kernel command line: BOOT_IMAGE=/boot/vmlinuz-4.15.0-167-generic root=LABEL=cloudimg-rootfs ro console=tty1 console=ttyS0
[    0.000000] Memory: 982644K/1048120K available (12300K kernel code, 2483K rwdata, 4324K rodata, 2476K init, 2724K bss, 65476K reserved, 0K cma-reserved)
[    0.000000] SLUB: HWalign=64, Order=0-3, MinObjects=0, CPUs=2, Nodes=1
[    0.000000] ftrace: allocating 39494 entries in 155 pages
[    0.004000] Hierarchical RCU implementation.
[    0.004000] 	RCU restricting CPUs from NR_CPUS=8192 to nr_cpu_ids=2.
[    0.004000] 	Tasks RCU enabled.
[    0.004000] RCU: Adjusting geometry for rcu_fanout_leaf=16, nr_cpu_ids=2
[    0.004000] NR_IRQS: 524544, nr_irqs: 440, preallocated irqs: 16
[    0.004000] Console: colour VGA+ 80x25
[    0.004000] console [tty1] enabled
[    0.004000] console [ttyS0] enabled
[    0.004000] ACPI: Core revision 20170831
[    0.004000] ACPI: 2 ACPI AML tables successfully acquired and loaded
[    0.004000] APIC: Switch to symmetric I/O mode setup
[    0.004000] x2apic enabled
[    0.004000] Switched APIC routing to physical x2apic.
[    0.004000] ..TIMER: vector=0x30 apic1=0 pin1=2 apic2=-1 pin2=-1
[    0.004000] tsc: Detected 3693.270 MHz processor
[    0.004000] Calibrating delay loop (skipped) preset value.. 7386.54 BogoMIPS (lpj=14773080)
[    0.004020] pid_max: default: 32768 minimum: 301
[    0.006836] Security Framework initialized
[    0.008000] Yama: becoming mindful.
[    0.008098] AppArmor: AppArmor initialized
[    0.012139] Dentry cache hash table entries: 131072 (order: 8, 1048576 bytes)
[    0.016064] Inode-cache hash table entries: 65536 (order: 7, 524288 bytes)
[    0.020023] Mount-cache hash table entries: 2048 (order: 2, 16384 bytes)
[    0.024019] Mountpoint-cache hash table entries: 2048 (order: 2, 16384 bytes)
[    0.028976] Last level iTLB entries: 4KB 1024, 2MB 1024, 4MB 512
[    0.032008] Last level dTLB entries: 4KB 2048, 2MB 2048, 4MB 1024, 1GB 0
[    0.036007] Spectre V1 : Mitigation: usercopy/swapgs barriers and __user pointer sanitization
[    0.040008] Spectre V2 : Spectre mitigation: LFENCE not serializing, switching to generic retpoline
[    0.044006] Spectre V2 : Mitigation: Full generic retpoline
[    0.048006] Spectre V2 : Spectre v2 / SpectreRSB mitigation: Filling RSB on context switch
[    0.052014] Speculative Store Bypass: Mitigation: Speculative Store Bypass disabled via prctl and seccomp
[    0.056561] Freeing SMP alternatives memory: 36K
[    0.176008] APIC calibration not consistent with PM-Timer: 102ms instead of 100ms
[    0.180000] APIC delta adjusted to PM-Timer: 6328610 (6500371)
[    0.180172] smpboot: CPU0: AMD Ryzen 5 PRO 4650G with Radeon Graphics (family: 0x17, model: 0x60, stepping: 0x1)
[    0.184362] Performance Events: PMU not available due to virtualization, using software events only.
[    0.192194] Hierarchical SRCU implementation.
[    0.196206] NMI watchdog: Perf event create on CPU 0 failed with -2
[    0.199755] NMI watchdog: Perf NMI watchdog permanently disabled
[    0.200267] smp: Bringing up secondary CPUs ...
[    0.204669] x86: Booting SMP configuration:
[    0.208008] .... node  #0, CPUs:      #1
[    0.004000] kvm-clock: cpu 1, msr 0:3ff44041, secondary cpu clock
[    0.216069] smp: Brought up 1 node, 2 CPUs
[    0.218762] smpboot: Max logical packages: 1
[    0.220020] smpboot: Total of 2 processors activated (14773.08 BogoMIPS)
[    0.228003] devtmpfs: initialized
[    0.228089] x86/mm: Memory block size: 128MB
[    0.230509] evm: security.selinux
[    0.232004] evm: security.SMACK64
[    0.234478] evm: security.SMACK64EXEC
[    0.236007] evm: security.SMACK64TRANSMUTE
[    0.240008] evm: security.SMACK64MMAP
[    0.241985] evm: security.apparmor
[    0.243791] evm: security.ima
[    0.244006] evm: security.capability
[    0.248141] clocksource: jiffies: mask: 0xffffffff max_cycles: 0xffffffff, max_idle_ns: 7645041785100000 ns
[    0.252092] futex hash table entries: 512 (order: 3, 32768 bytes)
[    0.256959] pinctrl core: initialized pinctrl subsystem
[    0.260356] RTC time: 22:42:48, date: 02/06/22
[    0.264763] NET: Registered protocol family 16
[    0.268137] audit: initializing netlink subsys (disabled)
[    0.272124] audit: type=2000 audit(1644187374.081:1): state=initialized audit_enabled=0 res=1
[    0.282415] cpuidle: using governor ladder
[    0.284334] cpuidle: using governor menu
[    0.292851] ACPI: bus type PCI registered
[    0.295270] acpiphp: ACPI Hot Plug PCI Controller Driver version: 0.5
[    0.300436] PCI: Using configuration type 1 for base access
[    0.303281] PCI: Using configuration type 1 for extended access
[    0.308626] HugeTLB registered 2.00 MiB page size, pre-allocated 0 pages
[    0.312881] ACPI: Added _OSI(Module Device)
[    0.315222] ACPI: Added _OSI(Processor Device)
[    0.316021] ACPI: Added _OSI(3.0 _SCP Extensions)
[    0.318543] ACPI: Added _OSI(Processor Aggregator Device)
[    0.320000] ACPI: Added _OSI(Linux-Dell-Video)
[    0.320000] ACPI: Added _OSI(Linux-Lenovo-NV-HDMI-Audio)
[    0.320109] ACPI: Added _OSI(Linux-HPI-Hybrid-Graphics)
[    0.328532] ACPI: Executed 1 blocks of module-level executable AML code
[    0.336597] ACPI: Interpreter enabled
[    0.338944] ACPI: (supports S0 S5)
[    0.340016] ACPI: Using IOAPIC for interrupt routing
[    0.344313] PCI: Using host bridge windows from ACPI; if necessary, use "pci=nocrs" and report a bug
[    0.348284] ACPI: Enabled 2 GPEs in block 00 to 07
[    0.360619] ACPI: PCI Root Bridge [PCI0] (domain 0000 [bus 00-ff])
[    0.364078] acpi PNP0A03:00: _OSC: OS supports [ExtendedConfig ASPM ClockPM Segments MSI]
[    0.369091] acpi PNP0A03:00: _OSC: platform does not support [PCIeCapability]
[    0.372580] acpi PNP0A03:00: _OSC: not requesting control; platform does not support [PCIeCapability]
[    0.376022] acpi PNP0A03:00: _OSC: OS requested [PCIeHotplug PME AER PCIeCapability]
[    0.380009] acpi PNP0A03:00: _OSC: platform willing to grant [PCIeHotplug PME AER]
[    0.384009] acpi PNP0A03:00: _OSC failed (AE_SUPPORT); disabling ASPM
[    0.389166] PCI host bridge to bus 0000:00
[    0.392028] pci_bus 0000:00: root bus resource [io  0x0000-0x0cf7 window]
[    0.396016] pci_bus 0000:00: root bus resource [io  0x0d00-0xffff window]
[    0.400012] pci_bus 0000:00: root bus resource [mem 0x000a0000-0x000bffff window]
[    0.404023] pci_bus 0000:00: root bus resource [mem 0x40000000-0xfdffffff window]
[    0.408011] pci_bus 0000:00: root bus resource [bus 00-ff]
[    0.416025] pci 0000:00:01.1: legacy IDE quirk: reg 0x10: [io  0x01f0-0x01f7]
[    0.420026] pci 0000:00:01.1: legacy IDE quirk: reg 0x14: [io  0x03f6]
[    0.424010] pci 0000:00:01.1: legacy IDE quirk: reg 0x18: [io  0x0170-0x0177]
[    0.428010] pci 0000:00:01.1: legacy IDE quirk: reg 0x1c: [io  0x0376]
[    0.478042] pci 0000:00:07.0: quirk: [io  0x4000-0x403f] claimed by PIIX4 ACPI
[    0.480039] pci 0000:00:07.0: quirk: [io  0x4100-0x410f] claimed by PIIX4 SMB
[    0.504580] ACPI: PCI Interrupt Link [LNKA] (IRQs 5 9 10 *11)
[    0.508438] ACPI: PCI Interrupt Link [LNKB] (IRQs 5 9 *10 11)
[    0.511669] ACPI: PCI Interrupt Link [LNKC] (IRQs 5 *9 10 11)
[    0.512171] ACPI: PCI Interrupt Link [LNKD] (IRQs 5 9 10 *11)
[    0.518460] SCSI subsystem initialized
[    0.520734] pci 0000:00:02.0: vgaarb: setting as boot VGA device
[    0.524000] pci 0000:00:02.0: vgaarb: VGA device added: decodes=io+mem,owns=io+mem,locks=none
[    0.532012] pci 0000:00:02.0: vgaarb: bridge control possible
[    0.536008] vgaarb: loaded
[    0.536170] ACPI: bus type USB registered
[    0.540000] usbcore: registered new interface driver usbfs
[    0.544058] usbcore: registered new interface driver hub
[    0.544058] usbcore: registered new device driver usb
[    0.552163] EDAC MC: Ver: 3.0.0
[    0.556308] PCI: Using ACPI for IRQ routing
[    0.561906] NetLabel: Initializing
[    0.564012] NetLabel:  domain hash size = 128
[    0.568008] NetLabel:  protocols = UNLABELED CIPSOv4 CALIPSO
[    0.571293] NetLabel:  unlabeled traffic allowed by default
[    0.572761] clocksource: Switched to clocksource kvm-clock
[    0.606175] VFS: Disk quotas dquot_6.6.0
[    0.608680] VFS: Dquot-cache hash table entries: 512 (order 0, 4096 bytes)
[    0.613811] AppArmor: AppArmor Filesystem Enabled
[    0.616641] pnp: PnP ACPI init
[    0.620372] pnp: PnP ACPI: found 3 devices
[    0.644877] clocksource: acpi_pm: mask: 0xffffff max_cycles: 0xffffff, max_idle_ns: 2085701024 ns
[    0.651122] NET: Registered protocol family 2
[    0.654534] IP idents hash table entries: 16384 (order: 5, 131072 bytes)
[    0.660826] TCP established hash table entries: 8192 (order: 4, 65536 bytes)
[    0.668320] TCP bind hash table entries: 8192 (order: 5, 131072 bytes)
[    0.672080] TCP: Hash tables configured (established 8192 bind 8192)
[    0.676156] UDP hash table entries: 512 (order: 2, 16384 bytes)
[    0.680057] UDP-Lite hash table entries: 512 (order: 2, 16384 bytes)
[    0.684380] NET: Registered protocol family 1
[    0.687125] pci 0000:00:00.0: Limiting direct PCI/PCI transfers
[    0.690848] pci 0000:00:01.0: Activating ISA DMA hang workarounds
[    0.695017] pci 0000:00:02.0: Video device with shadowed ROM at [mem 0x000c0000-0x000dffff]
[    0.700793] Unpacking initramfs...
[    0.984096] Initramfs unpacking failed: uncompression error
[    0.992394] Freeing initrd memory: 19524K
[    0.997615] clocksource: tsc: mask: 0xffffffffffffffff max_cycles: 0x6a79000e8e8, max_idle_ns: 881590820720 ns
[    1.004298] platform rtc_cmos: registered platform RTC device (no PNP device found)
[    1.008163] Scanning for low memory corruption every 60 seconds
[    1.017320] Initialise system trusted keyrings
[    1.019988] Key type blacklist registered
[    1.023318] workingset: timestamp_bits=36 max_order=18 bucket_order=0
[    1.030090] zbud: loaded
[    1.032921] squashfs: version 4.0 (2009/01/31) Phillip Lougher
[    1.037548] fuse init (API version 7.26)
[    1.070102] Key type asymmetric registered
[    1.073762] Asymmetric key parser 'x509' registered
[    1.077718] Block layer SCSI generic (bsg) driver version 0.4 loaded (major 246)
[    1.085076] io scheduler noop registered
[    1.088433] io scheduler deadline registered
[    1.092515] io scheduler cfq registered (default)
[    1.097553] ACPI: AC Adapter [AC] (on-line)
[    1.100997] input: Power Button as /devices/LNXSYSTM:00/LNXPWRBN:00/input/input0
[    1.107417] ACPI: Power Button [PWRF]
[    1.111730] input: Sleep Button as /devices/LNXSYSTM:00/LNXSLPBN:00/input/input1
[    1.138161] ACPI: Sleep Button [SLPF]
[    1.142994] Serial: 8250/16550 driver, 32 ports, IRQ sharing enabled
[    1.179641] 00:02: ttyS0 at I/O 0x3f8 (irq = 4, base_baud = 115200) is a 16550A
[    1.196551] Linux agpgart interface v0.103
[    1.204540] loop: module loaded
[    1.209267] scsi host0: ata_piix
[    1.213412] scsi host1: ata_piix
[    1.216133] ata1: PATA max UDMA/33 cmd 0x1f0 ctl 0x3f6 bmdma 0xd000 irq 14
[    1.220516] ata2: PATA max UDMA/33 cmd 0x170 ctl 0x376 bmdma 0xd008 irq 15
[    1.230189] libphy: Fixed MDIO Bus: probed
[    1.234544] tun: Universal TUN/TAP device driver, 1.6
[    1.238881] PPP generic driver version 2.4.2
[    1.242624] ehci_hcd: USB 2.0 'Enhanced' Host Controller (EHCI) Driver
[    1.248477] ehci-pci: EHCI PCI platform driver
[    1.251276] ehci-platform: EHCI generic platform driver
[    1.255009] ohci_hcd: USB 1.1 'Open' Host Controller (OHCI) Driver
[    1.259764] ohci-pci: OHCI PCI platform driver
[    1.264573] ohci-platform: OHCI generic platform driver
[    1.274421] uhci_hcd: USB Universal Host Controller Interface driver
[    1.280216] i8042: PNP: PS/2 Controller [PNP0303:PS2K,PNP0f03:PS2M] at 0x60,0x64 irq 1,12
[    1.287443] serio: i8042 KBD port at 0x60,0x64 irq 1
[    1.298536] serio: i8042 AUX port at 0x60,0x64 irq 12
[    1.303040] mousedev: PS/2 mouse device common for all mice
[    1.309930] input: AT Translated Set 2 keyboard as /devices/platform/i8042/serio0/input/input2
[    1.312280] rtc_cmos rtc_cmos: rtc core: registered rtc_cmos as rtc0
[    1.337879] rtc_cmos rtc_cmos: alarms up to one day, 114 bytes nvram
[    1.341943] i2c /dev entries driver
[    1.344624] device-mapper: uevent: version 1.0.3
[    1.349266] device-mapper: ioctl: 4.37.0-ioctl (2017-09-20) initialised: dm-devel@redhat.com
[    1.354090] ledtrig-cpu: registered to indicate activity on CPUs
[    1.359858] NET: Registered protocol family 10
[    1.373554] Segment Routing with IPv6
[    1.375801] NET: Registered protocol family 17
[    1.380219] Key type dns_resolver registered
[    1.434637] mce: Using 0 MCE banks
[    1.436780] RAS: Correctable Errors collector initialized.
[    1.440114] sched_clock: Marking stable (1436696431, 0)->(1964787143, -528090712)
[    1.451930] registered taskstats version 1
[    1.454539] Loading compiled-in X.509 certificates
[    1.463635] Loaded X.509 cert 'Build time autogenerated kernel key: 51c91b167e8daada285dd448a981da05683ebd03'
[    1.471271] Loaded X.509 cert 'Canonical Ltd. Live Patch Signing: 14df34d1a87cf37625abec039ef2bf521249b969'
[    1.479274] Loaded X.509 cert 'Canonical Ltd. Kernel Module Signing: 88f752e560a1e0737e31163a466ad7b70a850c19'
[    1.487068] blacklist: Loading compiled-in revocation X.509 certificates
[    1.492296] Loaded X.509 cert 'Canonical Ltd. Secure Boot Signing: 61482aa2830d0ab2ad5af10b7250da9033ddcef0'
[    1.500859] zswap: loaded using pool lzo/zbud
[    1.513719] Key type big_key registered
[    1.517044] Key type trusted registered
[    1.521741] Key type encrypted registered
[    1.524609] AppArmor: AppArmor sha1 policy hashing enabled
[    1.529858] ima: No TPM chip found, activating TPM-bypass! (rc=-19)
[    1.539991] ima: Allocated hash algorithm: sha1
[    1.542881] evm: HMAC attrs: 0x1
[    1.546710]   Magic number: 10:444:754
[    1.549332] tty ttyS5: hash matches
[    1.551700] rtc_cmos rtc_cmos: setting system clock to 2022-02-06 22:42:49 UTC (1644187369)
[    1.556590] BIOS EDD facility v0.16 2004-Jun-25, 0 devices found
[    1.559862] EDD information not available.
[    1.585513] Freeing unused kernel image memory: 2476K
[    1.612439] Write protecting the kernel read-only data: 20480k
[    1.624010] Freeing unused kernel image memory: 2008K
[    1.628107] Freeing unused kernel image memory: 1820K
[    1.638526] x86/mm: Checked W+X mappings: passed, no W+X pages found.
[    1.642708] Failed to execute /init (error -2)
[    1.645879] Kernel panic - not syncing: No working init found.  Try passing init= option to kernel. See Linux Documentation/admin-guide/init.rst for guidance.
[    1.654096] CPU: 0 PID: 1 Comm: swapper/0 Not tainted 4.15.0-167-generic #175-Ubuntu
[    1.663226] Hardware name: innotek GmbH VirtualBox/VirtualBox, BIOS VirtualBox 12/01/2006
[    1.670723] Call Trace:
[    1.672812]  dump_stack+0x6d/0x8b
[    1.675183]  ? rest_init+0x30/0xb0
[    1.678402]  panic+0xe4/0x247
[    1.680777]  ? putname+0x4c/0x60
[    1.683133]  ? rest_init+0xb0/0xb0
[    1.685377]  kernel_init+0xf5/0x110
[    1.687641]  ret_from_fork+0x35/0x40
[    1.690558] Kernel Offset: 0x2de00000 from 0xffffffff81000000 (relocation range: 0xffffffff80000000-0xffffffffbfffffff)
[    1.697402] ---[ end Kernel panic - not syncing: No working init found.  Try passing init= option to kernel. See Linux Documentation/admin-guide/init.rst for guidance.
